<?xml version="1.0" encoding="UTF-8"?>
<!-- Generated by org.testng.reporters.JUnitReportReporter -->
<testsuite hostname="DESKTOP-PNIJDNB" failures="0" tests="1" name="com.simplilearn.demo.NewTest" time="0.042" errors="0" timestamp="2022-04-13T15:11:07 IST" skipped="0">
  <testcase classname="com.simplilearn.demo.NewTest" name="Hello" time="0.042"/>
  <system-out/>
</testsuite> <!-- com.simplilearn.demo.NewTest -->
