<?xml version="1.0" encoding="UTF-8"?>
<!-- Generated by org.testng.reporters.JUnitReportReporter -->
<testsuite hostname="DESKTOP-PNIJDNB" failures="0" tests="1" name="com.simplilearn.demo.Facebook" time="6.302" errors="0" timestamp="2022-04-13T17:19:02 IST" skipped="0">
  <testcase classname="com.simplilearn.demo.Facebook" name="welcome" time="6.302"/>
  <system-out/>
</testsuite> <!-- com.simplilearn.demo.Facebook -->
