<?xml version="1.0" encoding="UTF-8"?>
<!-- Generated by org.testng.reporters.JUnitReportReporter -->
<testsuite hostname="DESKTOP-PNIJDNB" failures="0" tests="4" name="com.simplilearn.demo.ParallelTest" time="9.224" errors="0" timestamp="2022-04-13T16:46:35 IST" skipped="2">
  <testcase classname="com.simplilearn.demo.ParallelTest" name="LaunchChrome" time="8.719"/>
  <system-out/>
  <testcase classname="com.simplilearn.demo.ParallelTest" name="TryFacebook" time="0.505"/>
  <system-out/>
  <testcase classname="com.simplilearn.demo.ParallelTest" name="LaunchFirfox">
    <skipped/>
  </testcase> <!-- LaunchFirfox -->
  <system-out/>
  <testcase classname="com.simplilearn.demo.ParallelTest" name="TryFacebook2">
    <skipped/>
  </testcase> <!-- TryFacebook2 -->
  <system-out/>
</testsuite> <!-- com.simplilearn.demo.ParallelTest -->
